<?xml version="1.0" encoding="UTF-8"?>
<testng-results ignored="0" total="1" passed="1" failed="0" skipped="0">
  <reporter-output>
  </reporter-output>
  <suite started-at="2023-05-27T15:37:53 IST" name="Default suite" finished-at="2023-05-27T15:37:53 IST" duration-ms="151">
    <groups>
    </groups>
    <test started-at="2023-05-27T15:37:53 IST" name="Default test" finished-at="2023-05-27T15:37:53 IST" duration-ms="151">
      <class name="qsp1.Log12">
        <test-method signature="test1()[pri:0, instance:qsp1.Log12@10163d6]" started-at="2023-05-27T15:37:53 IST" name="test1" finished-at="2023-05-27T15:37:53 IST" duration-ms="100" status="PASS">
          <reporter-output>
          </reporter-output>
        </test-method> <!-- test1 -->
      </class> <!-- qsp1.Log12 -->
    </test> <!-- Default test -->
  </suite> <!-- Default suite -->
</testng-results>
