<?xml version="1.0" encoding="UTF-8"?>
<!-- Generated by org.testng.reporters.JUnitXMLReporter -->
<testsuite ignored="0" hostname="DESKTOP-V876IOA" failures="1" tests="3" name="Test" time="0.083" errors="0" timestamp="2023-05-24T14:35:55 IST">
  <testcase classname="qsp.Dependency" name="test1" time="0.012"/>
  <testcase classname="qsp.Dependency" name="test2" time="0.004">
    <failure type="java.lang.AssertionError" message="null">
      <![CDATA[java.lang.AssertionError: null
at qsp.Dependency.test2(Dependency.java:15)
at java.base/java.util.ArrayList.forEach(ArrayList.java:1511)
... Removed 29 stack frames]]>
    </failure>
  </testcase> <!-- test2 -->
  <testcase classname="qsp.Dependency" name="test3" time="0.0">
    <skipped/>
  </testcase> <!-- test3 -->
</testsuite> <!-- Test -->
